24/abr./2023 12:56:37 INFO org.springframework.test.context.support.AbstractTestContextBootstrapper [main] Neither @ContextConfiguration nor @ContextHierarchy found for test class [com.asjservicios.seriesappspringboot.service.serviceImpl.SerieServiceImplTest], using SpringBootContextLoader
24/abr./2023 12:56:37 INFO org.springframework.test.context.support.AbstractContextLoader [main] Could not detect default resource locations for test class [com.asjservicios.seriesappspringboot.service.serviceImpl.SerieServiceImplTest]: no resource found for suffixes {-context.xml, Context.groovy}.
24/abr./2023 12:56:37 INFO org.springframework.test.context.support.AnnotationConfigContextLoaderUtils [main] Could not detect default configuration classes for test class [com.asjservicios.seriesappspringboot.service.serviceImpl.SerieServiceImplTest]: SerieServiceImplTest does not declare any static, non-private, non-final, nested classes annotated with @Configuration.
24/abr./2023 12:56:38 INFO org.springframework.boot.test.context.SpringBootTestContextBootstrapper [main] Found @SpringBootConfiguration com.asjservicios.seriesappspringboot.SeriesAppSpringbootApplication for test class com.asjservicios.seriesappspringboot.service.serviceImpl.SerieServiceImplTest
24/abr./2023 12:56:38 INFO org.springframework.test.context.support.AbstractTestContextBootstrapper [main] Loaded default TestExecutionListener class names from location [META-INF/spring.factories]: [org.springframework.boot.test.mock.mockito.MockitoTestExecutionListener, org.springframework.boot.test.mock.mockito.ResetMocksTestExecutionListener, org.springframework.boot.test.autoconfigure.restdocs.RestDocsTestExecutionListener, org.springframework.boot.test.autoconfigure.web.client.MockRestServiceServerResetTestExecutionListener, org.springframework.boot.test.autoconfigure.web.servlet.MockMvcPrintOnlyOnFailureTestExecutionListener, org.springframework.boot.test.autoconfigure.web.servlet.WebDriverTestExecutionListener, org.springframework.boot.test.autoconfigure.webservices.client.MockWebServiceServerTestExecutionListener, org.springframework.test.context.web.ServletTestExecutionListener, org.springframework.test.context.support.DirtiesContextBeforeModesTestExecutionListener, org.springframework.test.context.event.ApplicationEventsTestExecutionListener, org.springframework.test.context.support.DependencyInjectionTestExecutionListener, org.springframework.test.context.support.DirtiesContextTestExecutionListener, org.springframework.test.context.transaction.TransactionalTestExecutionListener, org.springframework.test.context.jdbc.SqlScriptsTestExecutionListener, org.springframework.test.context.event.EventPublishingTestExecutionListener]
24/abr./2023 12:56:38 INFO org.springframework.test.context.support.AbstractTestContextBootstrapper [main] Using TestExecutionListeners: [org.springframework.test.context.web.ServletTestExecutionListener@c7a975a, org.springframework.test.context.support.DirtiesContextBeforeModesTestExecutionListener@2c1b9e4b, org.springframework.test.context.event.ApplicationEventsTestExecutionListener@757d6814, org.springframework.boot.test.mock.mockito.MockitoTestExecutionListener@649725e3, org.springframework.boot.test.autoconfigure.SpringBootDependencyInjectionTestExecutionListener@3c0fae6c, org.springframework.test.context.support.DirtiesContextTestExecutionListener@4c168660, org.springframework.test.context.transaction.TransactionalTestExecutionListener@52b56a3e, org.springframework.test.context.jdbc.SqlScriptsTestExecutionListener@fd0e5b6, org.springframework.test.context.event.EventPublishingTestExecutionListener@4eed46ee, org.springframework.boot.test.mock.mockito.ResetMocksTestExecutionListener@36b0fcd5, org.springframework.boot.test.autoconfigure.restdocs.RestDocsTestExecutionListener@4fad94a7, org.springframework.boot.test.autoconfigure.web.client.MockRestServiceServerResetTestExecutionListener@475835b1, org.springframework.boot.test.autoconfigure.web.servlet.MockMvcPrintOnlyOnFailureTestExecutionListener@6326d182, org.springframework.boot.test.autoconfigure.web.servlet.WebDriverTestExecutionListener@5241cf67, org.springframework.boot.test.autoconfigure.webservices.client.MockWebServiceServerTestExecutionListener@716a7124]
24/abr./2023 12:56:38 INFO org.springframework.boot.StartupInfoLogger [main] Starting SerieServiceImplTest using Java 11.0.18 on NBOOT45 with PID 2440 (started by dagudo in C:\Users\dagudo\Documents\AcademIT2\Integrador\Proyecto\Series_app_ETAPA2\series-app-springboot)
24/abr./2023 12:56:38 INFO org.springframework.boot.SpringApplication [main] No active profile set, falling back to 1 default profile: "default"
24/abr./2023 12:56:38 INFO org.hibernate.validator.internal.util.Version [background-preinit] HV000001: Hibernate Validator 6.2.5.Final
24/abr./2023 12:56:39 INFO org.springframework.data.repository.config.RepositoryConfigurationDelegate [main] Bootstrapping Spring Data JPA repositories in DEFAULT mode.
24/abr./2023 12:56:39 INFO org.springframework.data.repository.config.RepositoryConfigurationDelegate [main] Finished Spring Data repository scanning in 64 ms. Found 5 JPA repository interfaces.
24/abr./2023 12:56:40 INFO com.zaxxer.hikari.HikariDataSource [main] HikariPool-1 - Starting...
24/abr./2023 12:56:40 INFO com.zaxxer.hikari.HikariDataSource [main] HikariPool-1 - Start completed.
24/abr./2023 12:56:40 INFO org.hibernate.jpa.internal.util.LogHelper [main] HHH000204: Processing PersistenceUnitInfo [name: default]
24/abr./2023 12:56:40 INFO org.hibernate.Version [main] HHH000412: Hibernate ORM core version 5.6.15.Final
24/abr./2023 12:56:40 INFO org.hibernate.annotations.common.reflection.java.JavaReflectionManager [main] HCANN000001: Hibernate Commons Annotations {5.1.2.Final}
24/abr./2023 12:56:41 INFO org.hibernate.dialect.Dialect [main] HHH000400: Using dialect: org.hibernate.dialect.H2Dialect
24/abr./2023 12:56:42 INFO org.hibernate.engine.transaction.jta.platform.internal.JtaPlatformInitiator [main] HHH000490: Using JtaPlatform implementation: [org.hibernate.engine.transaction.jta.platform.internal.NoJtaPlatform]
24/abr./2023 12:56:42 INFO org.springframework.orm.jpa.AbstractEntityManagerFactoryBean [main] Initialized JPA EntityManagerFactory for persistence unit 'default'
24/abr./2023 12:56:43 WARN org.springframework.boot.autoconfigure.orm.jpa.JpaBaseConfiguration$JpaWebConfiguration [main] spring.jpa.open-in-view is enabled by default. Therefore, database queries may be performed during view rendering. Explicitly configure spring.jpa.open-in-view to disable this warning
24/abr./2023 12:56:45 INFO org.springframework.boot.StartupInfoLogger [main] Started SerieServiceImplTest in 7.137 seconds (JVM running for 12.307)
24/abr./2023 12:56:45 INFO com.asjservicios.seriesappspringboot.service.serviceImpl.SerieServiceImpl [main] --------------->> creo la relacion con el usuario Diego xq la serie Friends ya esta en la BD
24/abr./2023 12:56:45 WARN com.asjservicios.seriesappspringboot.service.serviceImpl.SerieServiceImpl [main] El usuario Diego no existe
24/abr./2023 12:56:45 INFO com.asjservicios.seriesappspringboot.service.serviceImpl.SerieServiceImpl [main] --------------->> actualizo la relacion xq el usuario Diego ya tiene la serie Friends en su repositorio
24/abr./2023 12:56:45 INFO com.asjservicios.seriesappspringboot.service.serviceImpl.SerieServiceImpl [main] --------------->> creo la serie: Friends
24/abr./2023 12:56:45 INFO org.springframework.orm.jpa.AbstractEntityManagerFactoryBean [SpringApplicationShutdownHook] Closing JPA EntityManagerFactory for persistence unit 'default'
24/abr./2023 12:56:45 INFO org.hibernate.tool.schema.internal.SchemaDropperImpl$DelayedDropActionImpl [SpringApplicationShutdownHook] HHH000477: Starting delayed evictData of schema as part of SessionFactory shut-down'
24/abr./2023 12:56:46 INFO com.zaxxer.hikari.HikariDataSource [SpringApplicationShutdownHook] HikariPool-1 - Shutdown initiated...
24/abr./2023 12:56:46 INFO com.zaxxer.hikari.HikariDataSource [SpringApplicationShutdownHook] HikariPool-1 - Shutdown completed.
