29/mar./2023 04:51:31 INFO org.springframework.test.context.support.AbstractTestContextBootstrapper [main] Neither @ContextConfiguration nor @ContextHierarchy found for test class [com.asjservicios.seriesappspringboot.service.serviceImpl.SerieServiceImplTest], using SpringBootContextLoader
29/mar./2023 04:51:31 INFO org.springframework.test.context.support.AbstractContextLoader [main] Could not detect default resource locations for test class [com.asjservicios.seriesappspringboot.service.serviceImpl.SerieServiceImplTest]: no resource found for suffixes {-context.xml, Context.groovy}.
29/mar./2023 04:51:31 INFO org.springframework.test.context.support.AnnotationConfigContextLoaderUtils [main] Could not detect default configuration classes for test class [com.asjservicios.seriesappspringboot.service.serviceImpl.SerieServiceImplTest]: SerieServiceImplTest does not declare any static, non-private, non-final, nested classes annotated with @Configuration.
29/mar./2023 04:51:31 INFO org.springframework.boot.test.context.SpringBootTestContextBootstrapper [main] Found @SpringBootConfiguration com.asjservicios.seriesappspringboot.SeriesAppSpringbootApplication for test class com.asjservicios.seriesappspringboot.service.serviceImpl.SerieServiceImplTest
29/mar./2023 04:51:31 INFO org.springframework.test.context.support.AbstractTestContextBootstrapper [main] Loaded default TestExecutionListener class names from location [META-INF/spring.factories]: [org.springframework.boot.test.mock.mockito.MockitoTestExecutionListener, org.springframework.boot.test.mock.mockito.ResetMocksTestExecutionListener, org.springframework.boot.test.autoconfigure.restdocs.RestDocsTestExecutionListener, org.springframework.boot.test.autoconfigure.web.client.MockRestServiceServerResetTestExecutionListener, org.springframework.boot.test.autoconfigure.web.servlet.MockMvcPrintOnlyOnFailureTestExecutionListener, org.springframework.boot.test.autoconfigure.web.servlet.WebDriverTestExecutionListener, org.springframework.boot.test.autoconfigure.webservices.client.MockWebServiceServerTestExecutionListener, org.springframework.test.context.web.ServletTestExecutionListener, org.springframework.test.context.support.DirtiesContextBeforeModesTestExecutionListener, org.springframework.test.context.event.ApplicationEventsTestExecutionListener, org.springframework.test.context.support.DependencyInjectionTestExecutionListener, org.springframework.test.context.support.DirtiesContextTestExecutionListener, org.springframework.test.context.transaction.TransactionalTestExecutionListener, org.springframework.test.context.jdbc.SqlScriptsTestExecutionListener, org.springframework.test.context.event.EventPublishingTestExecutionListener]
29/mar./2023 04:51:31 INFO org.springframework.test.context.support.AbstractTestContextBootstrapper [main] Using TestExecutionListeners: [org.springframework.test.context.web.ServletTestExecutionListener@34645867, org.springframework.test.context.support.DirtiesContextBeforeModesTestExecutionListener@2484f433, org.springframework.test.context.event.ApplicationEventsTestExecutionListener@60b71e8f, org.springframework.boot.test.mock.mockito.MockitoTestExecutionListener@1255b1d1, org.springframework.boot.test.autoconfigure.SpringBootDependencyInjectionTestExecutionListener@464649c, org.springframework.test.context.support.DirtiesContextTestExecutionListener@7c22d4f, org.springframework.test.context.transaction.TransactionalTestExecutionListener@5f59185e, org.springframework.test.context.jdbc.SqlScriptsTestExecutionListener@60bdf15d, org.springframework.test.context.event.EventPublishingTestExecutionListener@47da3952, org.springframework.boot.test.mock.mockito.ResetMocksTestExecutionListener@51e4ccb3, org.springframework.boot.test.autoconfigure.restdocs.RestDocsTestExecutionListener@46e8a539, org.springframework.boot.test.autoconfigure.web.client.MockRestServiceServerResetTestExecutionListener@495083a0, org.springframework.boot.test.autoconfigure.web.servlet.MockMvcPrintOnlyOnFailureTestExecutionListener@5fd62371, org.springframework.boot.test.autoconfigure.web.servlet.WebDriverTestExecutionListener@28a0fd6c, org.springframework.boot.test.autoconfigure.webservices.client.MockWebServiceServerTestExecutionListener@2b62442c]
29/mar./2023 04:51:31 INFO org.springframework.boot.StartupInfoLogger [main] Starting SerieServiceImplTest using Java 11.0.18 on NBOOT45 with PID 26944 (started by dagudo in C:\Users\dagudo\Documents\AcademIT2\Integrador\Proyecto\Series_app_ETAPA2\series-app-springboot)
29/mar./2023 04:51:31 INFO org.springframework.boot.SpringApplication [main] No active profile set, falling back to 1 default profile: "default"
29/mar./2023 04:51:31 INFO org.hibernate.validator.internal.util.Version [background-preinit] HV000001: Hibernate Validator 6.2.5.Final
29/mar./2023 04:51:33 INFO org.springframework.data.repository.config.RepositoryConfigurationDelegate [main] Bootstrapping Spring Data JPA repositories in DEFAULT mode.
29/mar./2023 04:51:33 INFO org.springframework.data.repository.config.RepositoryConfigurationDelegate [main] Finished Spring Data repository scanning in 134 ms. Found 5 JPA repository interfaces.
29/mar./2023 04:51:34 INFO com.zaxxer.hikari.HikariDataSource [main] HikariPool-1 - Starting...
29/mar./2023 04:51:35 INFO com.zaxxer.hikari.HikariDataSource [main] HikariPool-1 - Start completed.
29/mar./2023 04:51:35 INFO org.hibernate.jpa.internal.util.LogHelper [main] HHH000204: Processing PersistenceUnitInfo [name: default]
29/mar./2023 04:51:35 INFO org.hibernate.Version [main] HHH000412: Hibernate ORM core version 5.6.15.Final
29/mar./2023 04:51:35 INFO org.hibernate.annotations.common.reflection.java.JavaReflectionManager [main] HCANN000001: Hibernate Commons Annotations {5.1.2.Final}
29/mar./2023 04:51:35 INFO org.hibernate.dialect.Dialect [main] HHH000400: Using dialect: org.hibernate.dialect.H2Dialect
29/mar./2023 04:51:36 INFO org.hibernate.engine.transaction.jta.platform.internal.JtaPlatformInitiator [main] HHH000490: Using JtaPlatform implementation: [org.hibernate.engine.transaction.jta.platform.internal.NoJtaPlatform]
29/mar./2023 04:51:36 INFO org.springframework.orm.jpa.AbstractEntityManagerFactoryBean [main] Initialized JPA EntityManagerFactory for persistence unit 'default'
29/mar./2023 04:51:38 WARN org.springframework.boot.autoconfigure.orm.jpa.JpaBaseConfiguration$JpaWebConfiguration [main] spring.jpa.open-in-view is enabled by default. Therefore, database queries may be performed during view rendering. Explicitly configure spring.jpa.open-in-view to disable this warning
29/mar./2023 04:51:39 INFO org.springframework.boot.StartupInfoLogger [main] Started SerieServiceImplTest in 8.312 seconds (JVM running for 10.003)
29/mar./2023 04:51:40 INFO com.asjservicios.seriesappspringboot.service.serviceImpl.SerieServiceImpl [main] --------------->> creo la relacion con el usuario Diego xq la serie Friends ya esta en la BD
29/mar./2023 04:51:40 WARN com.asjservicios.seriesappspringboot.service.serviceImpl.SerieServiceImpl [main] El usuario Diego no existe
29/mar./2023 04:51:40 INFO com.asjservicios.seriesappspringboot.service.serviceImpl.SerieServiceImpl [main] --------------->> actualizo la relacion xq el usuario Diego ya tiene la serie Friends en su repositorio
29/mar./2023 04:51:40 INFO com.asjservicios.seriesappspringboot.service.serviceImpl.SerieServiceImpl [main] --------------->> creo la serie: Friends
29/mar./2023 04:51:40 INFO org.springframework.orm.jpa.AbstractEntityManagerFactoryBean [SpringApplicationShutdownHook] Closing JPA EntityManagerFactory for persistence unit 'default'
29/mar./2023 04:51:40 INFO org.hibernate.tool.schema.internal.SchemaDropperImpl$DelayedDropActionImpl [SpringApplicationShutdownHook] HHH000477: Starting delayed evictData of schema as part of SessionFactory shut-down'
29/mar./2023 04:51:40 INFO com.zaxxer.hikari.HikariDataSource [SpringApplicationShutdownHook] HikariPool-1 - Shutdown initiated...
29/mar./2023 04:51:40 INFO com.zaxxer.hikari.HikariDataSource [SpringApplicationShutdownHook] HikariPool-1 - Shutdown completed.
29/mar./2023 04:51:52 INFO org.springframework.test.context.support.AbstractTestContextBootstrapper [main] Neither @ContextConfiguration nor @ContextHierarchy found for test class [com.asjservicios.seriesappspringboot.service.serviceImpl.SerieServiceImplTest], using SpringBootContextLoader
29/mar./2023 04:51:52 INFO org.springframework.test.context.support.AbstractContextLoader [main] Could not detect default resource locations for test class [com.asjservicios.seriesappspringboot.service.serviceImpl.SerieServiceImplTest]: no resource found for suffixes {-context.xml, Context.groovy}.
29/mar./2023 04:51:52 INFO org.springframework.test.context.support.AnnotationConfigContextLoaderUtils [main] Could not detect default configuration classes for test class [com.asjservicios.seriesappspringboot.service.serviceImpl.SerieServiceImplTest]: SerieServiceImplTest does not declare any static, non-private, non-final, nested classes annotated with @Configuration.
29/mar./2023 04:51:52 INFO org.springframework.boot.test.context.SpringBootTestContextBootstrapper [main] Found @SpringBootConfiguration com.asjservicios.seriesappspringboot.SeriesAppSpringbootApplication for test class com.asjservicios.seriesappspringboot.service.serviceImpl.SerieServiceImplTest
29/mar./2023 04:51:52 INFO org.springframework.test.context.support.AbstractTestContextBootstrapper [main] Loaded default TestExecutionListener class names from location [META-INF/spring.factories]: [org.springframework.boot.test.mock.mockito.MockitoTestExecutionListener, org.springframework.boot.test.mock.mockito.ResetMocksTestExecutionListener, org.springframework.boot.test.autoconfigure.restdocs.RestDocsTestExecutionListener, org.springframework.boot.test.autoconfigure.web.client.MockRestServiceServerResetTestExecutionListener, org.springframework.boot.test.autoconfigure.web.servlet.MockMvcPrintOnlyOnFailureTestExecutionListener, org.springframework.boot.test.autoconfigure.web.servlet.WebDriverTestExecutionListener, org.springframework.boot.test.autoconfigure.webservices.client.MockWebServiceServerTestExecutionListener, org.springframework.test.context.web.ServletTestExecutionListener, org.springframework.test.context.support.DirtiesContextBeforeModesTestExecutionListener, org.springframework.test.context.event.ApplicationEventsTestExecutionListener, org.springframework.test.context.support.DependencyInjectionTestExecutionListener, org.springframework.test.context.support.DirtiesContextTestExecutionListener, org.springframework.test.context.transaction.TransactionalTestExecutionListener, org.springframework.test.context.jdbc.SqlScriptsTestExecutionListener, org.springframework.test.context.event.EventPublishingTestExecutionListener]
29/mar./2023 04:51:52 INFO org.springframework.test.context.support.AbstractTestContextBootstrapper [main] Using TestExecutionListeners: [org.springframework.test.context.web.ServletTestExecutionListener@34645867, org.springframework.test.context.support.DirtiesContextBeforeModesTestExecutionListener@2484f433, org.springframework.test.context.event.ApplicationEventsTestExecutionListener@60b71e8f, org.springframework.boot.test.mock.mockito.MockitoTestExecutionListener@1255b1d1, org.springframework.boot.test.autoconfigure.SpringBootDependencyInjectionTestExecutionListener@464649c, org.springframework.test.context.support.DirtiesContextTestExecutionListener@7c22d4f, org.springframework.test.context.transaction.TransactionalTestExecutionListener@5f59185e, org.springframework.test.context.jdbc.SqlScriptsTestExecutionListener@60bdf15d, org.springframework.test.context.event.EventPublishingTestExecutionListener@47da3952, org.springframework.boot.test.mock.mockito.ResetMocksTestExecutionListener@51e4ccb3, org.springframework.boot.test.autoconfigure.restdocs.RestDocsTestExecutionListener@46e8a539, org.springframework.boot.test.autoconfigure.web.client.MockRestServiceServerResetTestExecutionListener@495083a0, org.springframework.boot.test.autoconfigure.web.servlet.MockMvcPrintOnlyOnFailureTestExecutionListener@5fd62371, org.springframework.boot.test.autoconfigure.web.servlet.WebDriverTestExecutionListener@28a0fd6c, org.springframework.boot.test.autoconfigure.webservices.client.MockWebServiceServerTestExecutionListener@2b62442c]
29/mar./2023 04:51:52 INFO org.springframework.boot.StartupInfoLogger [main] Starting SerieServiceImplTest using Java 11.0.18 on NBOOT45 with PID 19880 (started by dagudo in C:\Users\dagudo\Documents\AcademIT2\Integrador\Proyecto\Series_app_ETAPA2\series-app-springboot)
29/mar./2023 04:51:52 INFO org.springframework.boot.SpringApplication [main] No active profile set, falling back to 1 default profile: "default"
29/mar./2023 04:51:52 INFO org.hibernate.validator.internal.util.Version [background-preinit] HV000001: Hibernate Validator 6.2.5.Final
29/mar./2023 04:51:53 INFO org.springframework.data.repository.config.RepositoryConfigurationDelegate [main] Bootstrapping Spring Data JPA repositories in DEFAULT mode.
29/mar./2023 04:51:53 INFO org.springframework.data.repository.config.RepositoryConfigurationDelegate [main] Finished Spring Data repository scanning in 78 ms. Found 5 JPA repository interfaces.
29/mar./2023 04:51:54 INFO com.zaxxer.hikari.HikariDataSource [main] HikariPool-1 - Starting...
29/mar./2023 04:51:54 INFO com.zaxxer.hikari.HikariDataSource [main] HikariPool-1 - Start completed.
29/mar./2023 04:51:54 INFO org.hibernate.jpa.internal.util.LogHelper [main] HHH000204: Processing PersistenceUnitInfo [name: default]
29/mar./2023 04:51:54 INFO org.hibernate.Version [main] HHH000412: Hibernate ORM core version 5.6.15.Final
29/mar./2023 04:51:55 INFO org.hibernate.annotations.common.reflection.java.JavaReflectionManager [main] HCANN000001: Hibernate Commons Annotations {5.1.2.Final}
29/mar./2023 04:51:55 INFO org.hibernate.dialect.Dialect [main] HHH000400: Using dialect: org.hibernate.dialect.H2Dialect
29/mar./2023 04:51:56 INFO org.hibernate.engine.transaction.jta.platform.internal.JtaPlatformInitiator [main] HHH000490: Using JtaPlatform implementation: [org.hibernate.engine.transaction.jta.platform.internal.NoJtaPlatform]
29/mar./2023 04:51:56 INFO org.springframework.orm.jpa.AbstractEntityManagerFactoryBean [main] Initialized JPA EntityManagerFactory for persistence unit 'default'
29/mar./2023 04:51:57 WARN org.springframework.boot.autoconfigure.orm.jpa.JpaBaseConfiguration$JpaWebConfiguration [main] spring.jpa.open-in-view is enabled by default. Therefore, database queries may be performed during view rendering. Explicitly configure spring.jpa.open-in-view to disable this warning
29/mar./2023 04:51:59 INFO org.springframework.boot.StartupInfoLogger [main] Started SerieServiceImplTest in 7.478 seconds (JVM running for 8.848)
29/mar./2023 04:52:00 INFO com.asjservicios.seriesappspringboot.service.serviceImpl.SerieServiceImpl [main] --------------->> creo la relacion con el usuario Diego xq la serie Friends ya esta en la BD
29/mar./2023 04:52:00 WARN com.asjservicios.seriesappspringboot.service.serviceImpl.SerieServiceImpl [main] El usuario Diego no existe
29/mar./2023 04:52:00 INFO com.asjservicios.seriesappspringboot.service.serviceImpl.SerieServiceImpl [main] --------------->> actualizo la relacion xq el usuario Diego ya tiene la serie Friends en su repositorio
29/mar./2023 04:52:00 INFO com.asjservicios.seriesappspringboot.service.serviceImpl.SerieServiceImpl [main] --------------->> creo la serie: Friends
29/mar./2023 04:52:00 INFO org.springframework.orm.jpa.AbstractEntityManagerFactoryBean [SpringApplicationShutdownHook] Closing JPA EntityManagerFactory for persistence unit 'default'
29/mar./2023 04:52:00 INFO org.hibernate.tool.schema.internal.SchemaDropperImpl$DelayedDropActionImpl [SpringApplicationShutdownHook] HHH000477: Starting delayed evictData of schema as part of SessionFactory shut-down'
29/mar./2023 04:52:00 INFO com.zaxxer.hikari.HikariDataSource [SpringApplicationShutdownHook] HikariPool-1 - Shutdown initiated...
29/mar./2023 04:52:00 INFO com.zaxxer.hikari.HikariDataSource [SpringApplicationShutdownHook] HikariPool-1 - Shutdown completed.
29/mar./2023 04:52:14 INFO org.hibernate.validator.internal.util.Version [background-preinit] HV000001: Hibernate Validator 6.2.5.Final
29/mar./2023 04:52:14 INFO org.springframework.boot.StartupInfoLogger [main] Starting SeriesAppSpringbootApplication using Java 11.0.18 on NBOOT45 with PID 27880 (C:\Users\dagudo\Documents\AcademIT2\Integrador\Proyecto\Series_app_ETAPA2\series-app-springboot\target\classes started by dagudo in C:\Users\dagudo\Documents\AcademIT2\Integrador\Proyecto\Series_app_ETAPA2\series-app-springboot)
29/mar./2023 04:52:14 INFO org.springframework.boot.SpringApplication [main] No active profile set, falling back to 1 default profile: "default"
29/mar./2023 04:52:15 INFO org.springframework.data.repository.config.RepositoryConfigurationDelegate [main] Bootstrapping Spring Data JPA repositories in DEFAULT mode.
29/mar./2023 04:52:15 INFO org.springframework.data.repository.config.RepositoryConfigurationDelegate [main] Finished Spring Data repository scanning in 56 ms. Found 5 JPA repository interfaces.
29/mar./2023 04:52:15 INFO org.springframework.boot.web.embedded.tomcat.TomcatWebServer [main] Tomcat initialized with port(s): 8080 (http)
29/mar./2023 04:52:15 INFO org.apache.juli.logging.DirectJDKLog [main] Initializing ProtocolHandler ["http-nio-8080"]
29/mar./2023 04:52:15 INFO org.apache.juli.logging.DirectJDKLog [main] Starting service [Tomcat]
29/mar./2023 04:52:15 INFO org.apache.juli.logging.DirectJDKLog [main] Starting Servlet engine: [Apache Tomcat/9.0.71]
29/mar./2023 04:52:15 INFO org.apache.juli.logging.DirectJDKLog [main] Initializing Spring embedded WebApplicationContext
29/mar./2023 04:52:15 INFO org.springframework.boot.web.servlet.context.ServletWebServerApplicationContext [main] Root WebApplicationContext: initialization completed in 1315 ms
29/mar./2023 04:52:15 INFO org.hibernate.jpa.internal.util.LogHelper [main] HHH000204: Processing PersistenceUnitInfo [name: default]
29/mar./2023 04:52:15 INFO org.hibernate.Version [main] HHH000412: Hibernate ORM core version 5.6.15.Final
29/mar./2023 04:52:16 INFO org.hibernate.annotations.common.reflection.java.JavaReflectionManager [main] HCANN000001: Hibernate Commons Annotations {5.1.2.Final}
29/mar./2023 04:52:16 INFO com.zaxxer.hikari.HikariDataSource [main] HikariPool-1 - Starting...
29/mar./2023 04:52:16 INFO com.zaxxer.hikari.HikariDataSource [main] HikariPool-1 - Start completed.
29/mar./2023 04:52:16 INFO org.hibernate.dialect.Dialect [main] HHH000400: Using dialect: org.hibernate.dialect.MySQL8Dialect
29/mar./2023 04:52:17 INFO org.hibernate.engine.transaction.jta.platform.internal.JtaPlatformInitiator [main] HHH000490: Using JtaPlatform implementation: [org.hibernate.engine.transaction.jta.platform.internal.NoJtaPlatform]
29/mar./2023 04:52:17 INFO org.springframework.orm.jpa.AbstractEntityManagerFactoryBean [main] Initialized JPA EntityManagerFactory for persistence unit 'default'
29/mar./2023 04:52:17 WARN org.springframework.boot.autoconfigure.orm.jpa.JpaBaseConfiguration$JpaWebConfiguration [main] spring.jpa.open-in-view is enabled by default. Therefore, database queries may be performed during view rendering. Explicitly configure spring.jpa.open-in-view to disable this warning
29/mar./2023 04:52:18 INFO org.apache.juli.logging.DirectJDKLog [main] Starting ProtocolHandler ["http-nio-8080"]
29/mar./2023 04:52:18 INFO org.springframework.boot.web.embedded.tomcat.TomcatWebServer [main] Tomcat started on port(s): 8080 (http) with context path '/API/V1'
29/mar./2023 04:52:18 INFO org.springframework.boot.StartupInfoLogger [main] Started SeriesAppSpringbootApplication in 4.162 seconds (JVM running for 5.344)
29/mar./2023 04:52:29 INFO org.apache.juli.logging.DirectJDKLog [http-nio-8080-exec-1] Initializing Spring DispatcherServlet 'dispatcherServlet'
29/mar./2023 04:52:29 INFO org.springframework.web.servlet.FrameworkServlet [http-nio-8080-exec-1] Initializing Servlet 'dispatcherServlet'
29/mar./2023 04:52:29 INFO org.springframework.web.servlet.FrameworkServlet [http-nio-8080-exec-1] Completed initialization in 1 ms
29/mar./2023 04:52:30 ERROR org.apache.juli.logging.DirectJDKLog [http-nio-8080-exec-1] Servlet.service() for servlet [dispatcherServlet] in context with path [/API/V1] threw exception [Request processing failed; nested exception is javax.validation.ConstraintViolationException: Validation failed for classes [com.asjservicios.seriesappspringboot.model.Usuario] during persist time for groups [javax.validation.groups.Default, ]
List of constraint violations:[
	ConstraintViolationImpl{interpolatedMessage='La contrase単a debe tener como minimo 8 caracteres', propertyPath=contrasenia, rootBeanClass=class com.asjservicios.seriesappspringboot.model.Usuario, messageTemplate='La contrase単a debe tener como minimo 8 caracteres'}
	ConstraintViolationImpl{interpolatedMessage='El usuario debe tener como minimo 5 caracteres', propertyPath=usuario, rootBeanClass=class com.asjservicios.seriesappspringboot.model.Usuario, messageTemplate='El usuario debe tener como minimo 5 caracteres'}
]] with root cause
javax.validation.ConstraintViolationException: Validation failed for classes [com.asjservicios.seriesappspringboot.model.Usuario] during persist time for groups [javax.validation.groups.Default, ]
List of constraint violations:[
	ConstraintViolationImpl{interpolatedMessage='La contrase単a debe tener como minimo 8 caracteres', propertyPath=contrasenia, rootBeanClass=class com.asjservicios.seriesappspringboot.model.Usuario, messageTemplate='La contrase単a debe tener como minimo 8 caracteres'}
	ConstraintViolationImpl{interpolatedMessage='El usuario debe tener como minimo 5 caracteres', propertyPath=usuario, rootBeanClass=class com.asjservicios.seriesappspringboot.model.Usuario, messageTemplate='El usuario debe tener como minimo 5 caracteres'}
]
	at org.hibernate.cfg.beanvalidation.BeanValidationEventListener.validate(BeanValidationEventListener.java:140)
	at org.hibernate.cfg.beanvalidation.BeanValidationEventListener.onPreInsert(BeanValidationEventListener.java:80)
	at org.hibernate.action.internal.EntityIdentityInsertAction.preInsert(EntityIdentityInsertAction.java:188)
	at org.hibernate.action.internal.EntityIdentityInsertAction.execute(EntityIdentityInsertAction.java:78)
	at org.hibernate.engine.spi.ActionQueue.execute(ActionQueue.java:645)
	at org.hibernate.engine.spi.ActionQueue.addResolvedEntityInsertAction(ActionQueue.java:282)
	at org.hibernate.engine.spi.ActionQueue.addInsertAction(ActionQueue.java:263)
	at org.hibernate.engine.spi.ActionQueue.addAction(ActionQueue.java:317)
	at org.hibernate.event.internal.AbstractSaveEventListener.addInsertAction(AbstractSaveEventListener.java:329)
	at org.hibernate.event.internal.AbstractSaveEventListener.performSaveOrReplicate(AbstractSaveEventListener.java:286)
	at org.hibernate.event.internal.AbstractSaveEventListener.performSave(AbstractSaveEventListener.java:192)
	at org.hibernate.event.internal.AbstractSaveEventListener.saveWithGeneratedId(AbstractSaveEventListener.java:122)
	at org.hibernate.event.internal.DefaultPersistEventListener.entityIsTransient(DefaultPersistEventListener.java:185)
	at org.hibernate.event.internal.DefaultPersistEventListener.onPersist(DefaultPersistEventListener.java:128)
	at org.hibernate.event.internal.DefaultPersistEventListener.onPersist(DefaultPersistEventListener.java:55)
	at org.hibernate.event.service.internal.EventListenerGroupImpl.fireEventOnEachListener(EventListenerGroupImpl.java:107)
	at org.hibernate.internal.SessionImpl.firePersist(SessionImpl.java:756)
	at org.hibernate.internal.SessionImpl.persist(SessionImpl.java:742)
	at java.base/jdk.internal.reflect.NativeMethodAccessorImpl.invoke0(Native Method)
	at java.base/jdk.internal.reflect.NativeMethodAccessorImpl.invoke(NativeMethodAccessorImpl.java:62)
	at java.base/jdk.internal.reflect.DelegatingMethodAccessorImpl.invoke(DelegatingMethodAccessorImpl.java:43)
	at java.base/java.lang.reflect.Method.invoke(Method.java:566)
	at org.springframework.orm.jpa.ExtendedEntityManagerCreator$ExtendedEntityManagerInvocationHandler.invoke(ExtendedEntityManagerCreator.java:362)
	at com.sun.proxy.$Proxy124.persist(Unknown Source)
	at java.base/jdk.internal.reflect.NativeMethodAccessorImpl.invoke0(Native Method)
	at java.base/jdk.internal.reflect.NativeMethodAccessorImpl.invoke(NativeMethodAccessorImpl.java:62)
	at java.base/jdk.internal.reflect.DelegatingMethodAccessorImpl.invoke(DelegatingMethodAccessorImpl.java:43)
	at java.base/java.lang.reflect.Method.invoke(Method.java:566)
	at org.springframework.orm.jpa.SharedEntityManagerCreator$SharedEntityManagerInvocationHandler.invoke(SharedEntityManagerCreator.java:311)
	at com.sun.proxy.$Proxy124.persist(Unknown Source)
	at org.springframework.data.jpa.repository.support.SimpleJpaRepository.save(SimpleJpaRepository.java:666)
	at java.base/jdk.internal.reflect.NativeMethodAccessorImpl.invoke0(Native Method)
	at java.base/jdk.internal.reflect.NativeMethodAccessorImpl.invoke(NativeMethodAccessorImpl.java:62)
	at java.base/jdk.internal.reflect.DelegatingMethodAccessorImpl.invoke(DelegatingMethodAccessorImpl.java:43)
	at java.base/java.lang.reflect.Method.invoke(Method.java:566)
	at org.springframework.data.repository.core.support.RepositoryMethodInvoker$RepositoryFragmentMethodInvoker.lambda$new$0(RepositoryMethodInvoker.java:289)
	at org.springframework.data.repository.core.support.RepositoryMethodInvoker.doInvoke(RepositoryMethodInvoker.java:137)
	at org.springframework.data.repository.core.support.RepositoryMethodInvoker.invoke(RepositoryMethodInvoker.java:121)
	at org.springframework.data.repository.core.support.RepositoryComposition$RepositoryFragments.invoke(RepositoryComposition.java:530)
	at org.springframework.data.repository.core.support.RepositoryComposition.invoke(RepositoryComposition.java:286)
	at org.springframework.data.repository.core.support.RepositoryFactorySupport$ImplementationMethodExecutionInterceptor.invoke(RepositoryFactorySupport.java:640)
	at org.springframework.aop.framework.ReflectiveMethodInvocation.proceed(ReflectiveMethodInvocation.java:186)
	at org.springframework.data.repository.core.support.QueryExecutorMethodInterceptor.doInvoke(QueryExecutorMethodInterceptor.java:164)
	at org.springframework.data.repository.core.support.QueryExecutorMethodInterceptor.invoke(QueryExecutorMethodInterceptor.java:139)
	at org.springframework.aop.framework.ReflectiveMethodInvocation.proceed(ReflectiveMethodInvocation.java:186)
	at org.springframework.transaction.interceptor.TransactionInterceptor$1.proceedWithInvocation(TransactionInterceptor.java:123)
	at org.springframework.transaction.interceptor.TransactionAspectSupport.invokeWithinTransaction(TransactionAspectSupport.java:388)
	at org.springframework.transaction.interceptor.TransactionInterceptor.invoke(TransactionInterceptor.java:119)
	at org.springframework.aop.framework.ReflectiveMethodInvocation.proceed(ReflectiveMethodInvocation.java:186)
	at org.springframework.dao.support.PersistenceExceptionTranslationInterceptor.invoke(PersistenceExceptionTranslationInterceptor.java:137)
	at org.springframework.aop.framework.ReflectiveMethodInvocation.proceed(ReflectiveMethodInvocation.java:186)
	at org.springframework.data.jpa.repository.support.CrudMethodMetadataPostProcessor$CrudMethodMetadataPopulatingMethodInterceptor.invoke(CrudMethodMetadataPostProcessor.java:174)
	at org.springframework.aop.framework.ReflectiveMethodInvocation.proceed(ReflectiveMethodInvocation.java:186)
	at org.springframework.aop.interceptor.ExposeInvocationInterceptor.invoke(ExposeInvocationInterceptor.java:97)
	at org.springframework.aop.framework.ReflectiveMethodInvocation.proceed(ReflectiveMethodInvocation.java:186)
	at org.springframework.aop.framework.JdkDynamicAopProxy.invoke(JdkDynamicAopProxy.java:215)
	at com.sun.proxy.$Proxy133.save(Unknown Source)
	at com.asjservicios.seriesappspringboot.service.serviceImpl.UsuarioServiceImpl.save(UsuarioServiceImpl.java:41)
	at com.asjservicios.seriesappspringboot.controller.UsuarioController.addUsuario(UsuarioController.java:75)
	at java.base/jdk.internal.reflect.NativeMethodAccessorImpl.invoke0(Native Method)
	at java.base/jdk.internal.reflect.NativeMethodAccessorImpl.invoke(NativeMethodAccessorImpl.java:62)
	at java.base/jdk.internal.reflect.DelegatingMethodAccessorImpl.invoke(DelegatingMethodAccessorImpl.java:43)
	at java.base/java.lang.reflect.Method.invoke(Method.java:566)
	at org.springframework.web.method.support.InvocableHandlerMethod.doInvoke(InvocableHandlerMethod.java:205)
	at org.springframework.web.method.support.InvocableHandlerMethod.invokeForRequest(InvocableHandlerMethod.java:150)
	at org.springframework.web.servlet.mvc.method.annotation.ServletInvocableHandlerMethod.invokeAndHandle(ServletInvocableHandlerMethod.java:117)
	at org.springframework.web.servlet.mvc.method.annotation.RequestMappingHandlerAdapter.invokeHandlerMethod(RequestMappingHandlerAdapter.java:895)
	at org.springframework.web.servlet.mvc.method.annotation.RequestMappingHandlerAdapter.handleInternal(RequestMappingHandlerAdapter.java:808)
	at org.springframework.web.servlet.mvc.method.AbstractHandlerMethodAdapter.handle(AbstractHandlerMethodAdapter.java:87)
	at org.springframework.web.servlet.DispatcherServlet.doDispatch(DispatcherServlet.java:1071)
	at org.springframework.web.servlet.DispatcherServlet.doService(DispatcherServlet.java:964)
	at org.springframework.web.servlet.FrameworkServlet.processRequest(FrameworkServlet.java:1006)
	at org.springframework.web.servlet.FrameworkServlet.doPost(FrameworkServlet.java:909)
	at javax.servlet.http.HttpServlet.service(HttpServlet.java:696)
	at org.springframework.web.servlet.FrameworkServlet.service(FrameworkServlet.java:883)
	at javax.servlet.http.HttpServlet.service(HttpServlet.java:779)
	at org.apache.catalina.core.ApplicationFilterChain.internalDoFilter(ApplicationFilterChain.java:227)
	at org.apache.catalina.core.ApplicationFilterChain.doFilter(ApplicationFilterChain.java:162)
	at org.apache.tomcat.websocket.server.WsFilter.doFilter(WsFilter.java:53)
	at org.apache.catalina.core.ApplicationFilterChain.internalDoFilter(ApplicationFilterChain.java:189)
	at org.apache.catalina.core.ApplicationFilterChain.doFilter(ApplicationFilterChain.java:162)
	at org.springframework.web.filter.RequestContextFilter.doFilterInternal(RequestContextFilter.java:100)
	at org.springframework.web.filter.OncePerRequestFilter.doFilter(OncePerRequestFilter.java:117)
	at org.apache.catalina.core.ApplicationFilterChain.internalDoFilter(ApplicationFilterChain.java:189)
	at org.apache.catalina.core.ApplicationFilterChain.doFilter(ApplicationFilterChain.java:162)
	at org.springframework.web.filter.FormContentFilter.doFilterInternal(FormContentFilter.java:93)
	at org.springframework.web.filter.OncePerRequestFilter.doFilter(OncePerRequestFilter.java:117)
	at org.apache.catalina.core.ApplicationFilterChain.internalDoFilter(ApplicationFilterChain.java:189)
	at org.apache.catalina.core.ApplicationFilterChain.doFilter(ApplicationFilterChain.java:162)
	at org.springframework.web.filter.CharacterEncodingFilter.doFilterInternal(CharacterEncodingFilter.java:201)
	at org.springframework.web.filter.OncePerRequestFilter.doFilter(OncePerRequestFilter.java:117)
	at org.apache.catalina.core.ApplicationFilterChain.internalDoFilter(ApplicationFilterChain.java:189)
	at org.apache.catalina.core.ApplicationFilterChain.doFilter(ApplicationFilterChain.java:162)
	at org.apache.catalina.core.StandardWrapperValve.invoke(StandardWrapperValve.java:177)
	at org.apache.catalina.core.StandardContextValve.invoke(StandardContextValve.java:97)
	at org.apache.catalina.authenticator.AuthenticatorBase.invoke(AuthenticatorBase.java:541)
	at org.apache.catalina.core.StandardHostValve.invoke(StandardHostValve.java:135)
	at org.apache.catalina.valves.ErrorReportValve.invoke(ErrorReportValve.java:92)
	at org.apache.catalina.core.StandardEngineValve.invoke(StandardEngineValve.java:78)
	at org.apache.catalina.connector.CoyoteAdapter.service(CoyoteAdapter.java:360)
	at org.apache.coyote.http11.Http11Processor.service(Http11Processor.java:399)
	at org.apache.coyote.AbstractProcessorLight.process(AbstractProcessorLight.java:65)
	at org.apache.coyote.AbstractProtocol$ConnectionHandler.process(AbstractProtocol.java:891)
	at org.apache.tomcat.util.net.NioEndpoint$SocketProcessor.doRun(NioEndpoint.java:1784)
	at org.apache.tomcat.util.net.SocketProcessorBase.run(SocketProcessorBase.java:49)
	at org.apache.tomcat.util.threads.ThreadPoolExecutor.runWorker(ThreadPoolExecutor.java:1191)
	at org.apache.tomcat.util.threads.ThreadPoolExecutor$Worker.run(ThreadPoolExecutor.java:659)
	at org.apache.tomcat.util.threads.TaskThread$WrappingRunnable.run(TaskThread.java:61)
	at java.base/java.lang.Thread.run(Thread.java:829)
29/mar./2023 04:55:18 INFO org.springframework.orm.jpa.AbstractEntityManagerFactoryBean [SpringApplicationShutdownHook] Closing JPA EntityManagerFactory for persistence unit 'default'
29/mar./2023 04:55:18 INFO com.zaxxer.hikari.HikariDataSource [SpringApplicationShutdownHook] HikariPool-1 - Shutdown initiated...
29/mar./2023 04:55:18 INFO com.zaxxer.hikari.HikariDataSource [SpringApplicationShutdownHook] HikariPool-1 - Shutdown completed.
29/mar./2023 04:55:40 INFO org.hibernate.validator.internal.util.Version [background-preinit] HV000001: Hibernate Validator 6.2.5.Final
29/mar./2023 04:55:40 INFO org.springframework.boot.StartupInfoLogger [main] Starting SeriesAppSpringbootApplication using Java 11.0.18 on NBOOT45 with PID 23160 (C:\Users\dagudo\Documents\AcademIT2\Integrador\Proyecto\Series_app_ETAPA2\series-app-springboot\target\classes started by dagudo in C:\Users\dagudo\Documents\AcademIT2\Integrador\Proyecto\Series_app_ETAPA2\series-app-springboot)
29/mar./2023 04:55:40 INFO org.springframework.boot.SpringApplication [main] No active profile set, falling back to 1 default profile: "default"
29/mar./2023 04:55:41 INFO org.springframework.data.repository.config.RepositoryConfigurationDelegate [main] Bootstrapping Spring Data JPA repositories in DEFAULT mode.
29/mar./2023 04:55:41 INFO org.springframework.data.repository.config.RepositoryConfigurationDelegate [main] Finished Spring Data repository scanning in 52 ms. Found 5 JPA repository interfaces.
29/mar./2023 04:55:41 INFO org.springframework.boot.web.embedded.tomcat.TomcatWebServer [main] Tomcat initialized with port(s): 8080 (http)
29/mar./2023 04:55:41 INFO org.apache.juli.logging.DirectJDKLog [main] Initializing ProtocolHandler ["http-nio-8080"]
29/mar./2023 04:55:41 INFO org.apache.juli.logging.DirectJDKLog [main] Starting service [Tomcat]
29/mar./2023 04:55:41 INFO org.apache.juli.logging.DirectJDKLog [main] Starting Servlet engine: [Apache Tomcat/9.0.71]
29/mar./2023 04:55:41 INFO org.apache.juli.logging.DirectJDKLog [main] Initializing Spring embedded WebApplicationContext
29/mar./2023 04:55:41 INFO org.springframework.boot.web.servlet.context.ServletWebServerApplicationContext [main] Root WebApplicationContext: initialization completed in 1386 ms
29/mar./2023 04:55:41 INFO org.hibernate.jpa.internal.util.LogHelper [main] HHH000204: Processing PersistenceUnitInfo [name: default]
29/mar./2023 04:55:41 INFO org.hibernate.Version [main] HHH000412: Hibernate ORM core version 5.6.15.Final
29/mar./2023 04:55:41 INFO org.hibernate.annotations.common.reflection.java.JavaReflectionManager [main] HCANN000001: Hibernate Commons Annotations {5.1.2.Final}
29/mar./2023 04:55:41 INFO com.zaxxer.hikari.HikariDataSource [main] HikariPool-1 - Starting...
29/mar./2023 04:55:41 INFO com.zaxxer.hikari.HikariDataSource [main] HikariPool-1 - Start completed.
29/mar./2023 04:55:41 INFO org.hibernate.dialect.Dialect [main] HHH000400: Using dialect: org.hibernate.dialect.MySQL8Dialect
29/mar./2023 04:55:42 INFO org.hibernate.engine.transaction.jta.platform.internal.JtaPlatformInitiator [main] HHH000490: Using JtaPlatform implementation: [org.hibernate.engine.transaction.jta.platform.internal.NoJtaPlatform]
29/mar./2023 04:55:42 INFO org.springframework.orm.jpa.AbstractEntityManagerFactoryBean [main] Initialized JPA EntityManagerFactory for persistence unit 'default'
29/mar./2023 04:55:43 WARN org.springframework.boot.autoconfigure.orm.jpa.JpaBaseConfiguration$JpaWebConfiguration [main] spring.jpa.open-in-view is enabled by default. Therefore, database queries may be performed during view rendering. Explicitly configure spring.jpa.open-in-view to disable this warning
29/mar./2023 04:55:43 INFO org.apache.juli.logging.DirectJDKLog [main] Starting ProtocolHandler ["http-nio-8080"]
29/mar./2023 04:55:43 INFO org.springframework.boot.web.embedded.tomcat.TomcatWebServer [main] Tomcat started on port(s): 8080 (http) with context path '/API/V1'
29/mar./2023 04:55:43 INFO org.springframework.boot.StartupInfoLogger [main] Started SeriesAppSpringbootApplication in 3.705 seconds (JVM running for 4.755)
29/mar./2023 04:56:01 INFO org.apache.juli.logging.DirectJDKLog [http-nio-8080-exec-1] Initializing Spring DispatcherServlet 'dispatcherServlet'
29/mar./2023 04:56:01 INFO org.springframework.web.servlet.FrameworkServlet [http-nio-8080-exec-1] Initializing Servlet 'dispatcherServlet'
29/mar./2023 04:56:01 INFO org.springframework.web.servlet.FrameworkServlet [http-nio-8080-exec-1] Completed initialization in 3 ms
29/mar./2023 04:57:18 INFO org.springframework.orm.jpa.AbstractEntityManagerFactoryBean [SpringApplicationShutdownHook] Closing JPA EntityManagerFactory for persistence unit 'default'
29/mar./2023 04:57:18 INFO com.zaxxer.hikari.HikariDataSource [SpringApplicationShutdownHook] HikariPool-1 - Shutdown initiated...
29/mar./2023 04:57:18 INFO com.zaxxer.hikari.HikariDataSource [SpringApplicationShutdownHook] HikariPool-1 - Shutdown completed.
29/mar./2023 04:57:25 INFO org.springframework.boot.StartupInfoLogger [main] Starting SeriesAppSpringbootApplication using Java 11.0.18 on NBOOT45 with PID 11012 (C:\Users\dagudo\Documents\AcademIT2\Integrador\Proyecto\Series_app_ETAPA2\series-app-springboot\target\classes started by dagudo in C:\Users\dagudo\Documents\AcademIT2\Integrador\Proyecto\Series_app_ETAPA2\series-app-springboot)
29/mar./2023 04:57:25 INFO org.hibernate.validator.internal.util.Version [background-preinit] HV000001: Hibernate Validator 6.2.5.Final
29/mar./2023 04:57:25 INFO org.springframework.boot.SpringApplication [main] No active profile set, falling back to 1 default profile: "default"
29/mar./2023 04:57:26 INFO org.springframework.data.repository.config.RepositoryConfigurationDelegate [main] Bootstrapping Spring Data JPA repositories in DEFAULT mode.
29/mar./2023 04:57:26 INFO org.springframework.data.repository.config.RepositoryConfigurationDelegate [main] Finished Spring Data repository scanning in 52 ms. Found 5 JPA repository interfaces.
29/mar./2023 04:57:26 INFO org.springframework.boot.web.embedded.tomcat.TomcatWebServer [main] Tomcat initialized with port(s): 8080 (http)
29/mar./2023 04:57:26 INFO org.apache.juli.logging.DirectJDKLog [main] Initializing ProtocolHandler ["http-nio-8080"]
29/mar./2023 04:57:26 INFO org.apache.juli.logging.DirectJDKLog [main] Starting service [Tomcat]
29/mar./2023 04:57:26 INFO org.apache.juli.logging.DirectJDKLog [main] Starting Servlet engine: [Apache Tomcat/9.0.71]
29/mar./2023 04:57:27 INFO org.apache.juli.logging.DirectJDKLog [main] Initializing Spring embedded WebApplicationContext
29/mar./2023 04:57:27 INFO org.springframework.boot.web.servlet.context.ServletWebServerApplicationContext [main] Root WebApplicationContext: initialization completed in 1327 ms
29/mar./2023 04:57:27 INFO org.hibernate.jpa.internal.util.LogHelper [main] HHH000204: Processing PersistenceUnitInfo [name: default]
29/mar./2023 04:57:27 INFO org.hibernate.Version [main] HHH000412: Hibernate ORM core version 5.6.15.Final
29/mar./2023 04:57:27 INFO org.hibernate.annotations.common.reflection.java.JavaReflectionManager [main] HCANN000001: Hibernate Commons Annotations {5.1.2.Final}
29/mar./2023 04:57:27 INFO com.zaxxer.hikari.HikariDataSource [main] HikariPool-1 - Starting...
29/mar./2023 04:57:27 INFO com.zaxxer.hikari.HikariDataSource [main] HikariPool-1 - Start completed.
29/mar./2023 04:57:27 INFO org.hibernate.dialect.Dialect [main] HHH000400: Using dialect: org.hibernate.dialect.MySQL8Dialect
29/mar./2023 04:57:28 INFO org.hibernate.engine.transaction.jta.platform.internal.JtaPlatformInitiator [main] HHH000490: Using JtaPlatform implementation: [org.hibernate.engine.transaction.jta.platform.internal.NoJtaPlatform]
29/mar./2023 04:57:28 INFO org.springframework.orm.jpa.AbstractEntityManagerFactoryBean [main] Initialized JPA EntityManagerFactory for persistence unit 'default'
29/mar./2023 04:57:28 WARN org.springframework.boot.autoconfigure.orm.jpa.JpaBaseConfiguration$JpaWebConfiguration [main] spring.jpa.open-in-view is enabled by default. Therefore, database queries may be performed during view rendering. Explicitly configure spring.jpa.open-in-view to disable this warning
29/mar./2023 04:57:28 INFO org.apache.juli.logging.DirectJDKLog [main] Starting ProtocolHandler ["http-nio-8080"]
29/mar./2023 04:57:28 INFO org.springframework.boot.web.embedded.tomcat.TomcatWebServer [main] Tomcat started on port(s): 8080 (http) with context path '/API/V1'
29/mar./2023 04:57:28 INFO org.springframework.boot.StartupInfoLogger [main] Started SeriesAppSpringbootApplication in 3.612 seconds (JVM running for 4.813)
29/mar./2023 04:57:45 INFO org.apache.juli.logging.DirectJDKLog [http-nio-8080-exec-2] Initializing Spring DispatcherServlet 'dispatcherServlet'
29/mar./2023 04:57:45 INFO org.springframework.web.servlet.FrameworkServlet [http-nio-8080-exec-2] Initializing Servlet 'dispatcherServlet'
29/mar./2023 04:57:45 INFO org.springframework.web.servlet.FrameworkServlet [http-nio-8080-exec-2] Completed initialization in 1 ms
29/mar./2023 04:57:56 INFO org.springframework.orm.jpa.AbstractEntityManagerFactoryBean [SpringApplicationShutdownHook] Closing JPA EntityManagerFactory for persistence unit 'default'
29/mar./2023 04:57:56 INFO com.zaxxer.hikari.HikariDataSource [SpringApplicationShutdownHook] HikariPool-1 - Shutdown initiated...
29/mar./2023 04:57:56 INFO com.zaxxer.hikari.HikariDataSource [SpringApplicationShutdownHook] HikariPool-1 - Shutdown completed.
29/mar./2023 04:58:03 INFO org.hibernate.validator.internal.util.Version [background-preinit] HV000001: Hibernate Validator 6.2.5.Final
29/mar./2023 04:58:03 INFO org.springframework.boot.StartupInfoLogger [main] Starting SeriesAppSpringbootApplication using Java 11.0.18 on NBOOT45 with PID 13368 (C:\Users\dagudo\Documents\AcademIT2\Integrador\Proyecto\Series_app_ETAPA2\series-app-springboot\target\classes started by dagudo in C:\Users\dagudo\Documents\AcademIT2\Integrador\Proyecto\Series_app_ETAPA2\series-app-springboot)
29/mar./2023 04:58:03 INFO org.springframework.boot.SpringApplication [main] No active profile set, falling back to 1 default profile: "default"
29/mar./2023 04:58:04 INFO org.springframework.data.repository.config.RepositoryConfigurationDelegate [main] Bootstrapping Spring Data JPA repositories in DEFAULT mode.
29/mar./2023 04:58:04 INFO org.springframework.data.repository.config.RepositoryConfigurationDelegate [main] Finished Spring Data repository scanning in 48 ms. Found 5 JPA repository interfaces.
29/mar./2023 04:58:05 INFO org.springframework.boot.web.embedded.tomcat.TomcatWebServer [main] Tomcat initialized with port(s): 8080 (http)
29/mar./2023 04:58:05 INFO org.apache.juli.logging.DirectJDKLog [main] Initializing ProtocolHandler ["http-nio-8080"]
29/mar./2023 04:58:05 INFO org.apache.juli.logging.DirectJDKLog [main] Starting service [Tomcat]
29/mar./2023 04:58:05 INFO org.apache.juli.logging.DirectJDKLog [main] Starting Servlet engine: [Apache Tomcat/9.0.71]
29/mar./2023 04:58:05 INFO org.apache.juli.logging.DirectJDKLog [main] Initializing Spring embedded WebApplicationContext
29/mar./2023 04:58:05 INFO org.springframework.boot.web.servlet.context.ServletWebServerApplicationContext [main] Root WebApplicationContext: initialization completed in 1341 ms
29/mar./2023 04:58:05 INFO org.hibernate.jpa.internal.util.LogHelper [main] HHH000204: Processing PersistenceUnitInfo [name: default]
29/mar./2023 04:58:05 INFO org.hibernate.Version [main] HHH000412: Hibernate ORM core version 5.6.15.Final
29/mar./2023 04:58:05 INFO org.hibernate.annotations.common.reflection.java.JavaReflectionManager [main] HCANN000001: Hibernate Commons Annotations {5.1.2.Final}
29/mar./2023 04:58:05 INFO com.zaxxer.hikari.HikariDataSource [main] HikariPool-1 - Starting...
29/mar./2023 04:58:05 INFO com.zaxxer.hikari.HikariDataSource [main] HikariPool-1 - Start completed.
29/mar./2023 04:58:05 INFO org.hibernate.dialect.Dialect [main] HHH000400: Using dialect: org.hibernate.dialect.MySQL8Dialect
29/mar./2023 04:58:06 INFO org.hibernate.engine.transaction.jta.platform.internal.JtaPlatformInitiator [main] HHH000490: Using JtaPlatform implementation: [org.hibernate.engine.transaction.jta.platform.internal.NoJtaPlatform]
29/mar./2023 04:58:06 INFO org.springframework.orm.jpa.AbstractEntityManagerFactoryBean [main] Initialized JPA EntityManagerFactory for persistence unit 'default'
29/mar./2023 04:58:06 WARN org.springframework.boot.autoconfigure.orm.jpa.JpaBaseConfiguration$JpaWebConfiguration [main] spring.jpa.open-in-view is enabled by default. Therefore, database queries may be performed during view rendering. Explicitly configure spring.jpa.open-in-view to disable this warning
29/mar./2023 04:58:07 INFO org.apache.juli.logging.DirectJDKLog [main] Starting ProtocolHandler ["http-nio-8080"]
29/mar./2023 04:58:07 INFO org.springframework.boot.web.embedded.tomcat.TomcatWebServer [main] Tomcat started on port(s): 8080 (http) with context path '/API/V1'
29/mar./2023 04:58:07 INFO org.springframework.boot.StartupInfoLogger [main] Started SeriesAppSpringbootApplication in 3.742 seconds (JVM running for 4.951)
29/mar./2023 04:58:14 INFO org.apache.juli.logging.DirectJDKLog [http-nio-8080-exec-1] Initializing Spring DispatcherServlet 'dispatcherServlet'
29/mar./2023 04:58:14 INFO org.springframework.web.servlet.FrameworkServlet [http-nio-8080-exec-1] Initializing Servlet 'dispatcherServlet'
29/mar./2023 04:58:14 INFO org.springframework.web.servlet.FrameworkServlet [http-nio-8080-exec-1] Completed initialization in 3 ms
29/mar./2023 05:02:10 INFO org.springframework.orm.jpa.AbstractEntityManagerFactoryBean [SpringApplicationShutdownHook] Closing JPA EntityManagerFactory for persistence unit 'default'
29/mar./2023 05:02:10 INFO com.zaxxer.hikari.HikariDataSource [SpringApplicationShutdownHook] HikariPool-1 - Shutdown initiated...
29/mar./2023 05:02:10 INFO com.zaxxer.hikari.HikariDataSource [SpringApplicationShutdownHook] HikariPool-1 - Shutdown completed.
29/mar./2023 05:02:17 INFO org.hibernate.validator.internal.util.Version [background-preinit] HV000001: Hibernate Validator 6.2.5.Final
29/mar./2023 05:02:17 INFO org.springframework.boot.StartupInfoLogger [main] Starting SeriesAppSpringbootApplication using Java 11.0.18 on NBOOT45 with PID 20924 (C:\Users\dagudo\Documents\AcademIT2\Integrador\Proyecto\Series_app_ETAPA2\series-app-springboot\target\classes started by dagudo in C:\Users\dagudo\Documents\AcademIT2\Integrador\Proyecto\Series_app_ETAPA2\series-app-springboot)
29/mar./2023 05:02:17 INFO org.springframework.boot.SpringApplication [main] No active profile set, falling back to 1 default profile: "default"
29/mar./2023 05:02:18 INFO org.springframework.data.repository.config.RepositoryConfigurationDelegate [main] Bootstrapping Spring Data JPA repositories in DEFAULT mode.
29/mar./2023 05:02:18 INFO org.springframework.data.repository.config.RepositoryConfigurationDelegate [main] Finished Spring Data repository scanning in 51 ms. Found 5 JPA repository interfaces.
29/mar./2023 05:02:18 INFO org.springframework.boot.web.embedded.tomcat.TomcatWebServer [main] Tomcat initialized with port(s): 8080 (http)
29/mar./2023 05:02:18 INFO org.apache.juli.logging.DirectJDKLog [main] Initializing ProtocolHandler ["http-nio-8080"]
29/mar./2023 05:02:18 INFO org.apache.juli.logging.DirectJDKLog [main] Starting service [Tomcat]
29/mar./2023 05:02:18 INFO org.apache.juli.logging.DirectJDKLog [main] Starting Servlet engine: [Apache Tomcat/9.0.71]
29/mar./2023 05:02:18 INFO org.apache.juli.logging.DirectJDKLog [main] Initializing Spring embedded WebApplicationContext
29/mar./2023 05:02:18 INFO org.springframework.boot.web.servlet.context.ServletWebServerApplicationContext [main] Root WebApplicationContext: initialization completed in 1451 ms
29/mar./2023 05:02:18 INFO org.hibernate.jpa.internal.util.LogHelper [main] HHH000204: Processing PersistenceUnitInfo [name: default]
29/mar./2023 05:02:19 INFO org.hibernate.Version [main] HHH000412: Hibernate ORM core version 5.6.15.Final
29/mar./2023 05:02:19 INFO org.hibernate.annotations.common.reflection.java.JavaReflectionManager [main] HCANN000001: Hibernate Commons Annotations {5.1.2.Final}
29/mar./2023 05:02:19 INFO com.zaxxer.hikari.HikariDataSource [main] HikariPool-1 - Starting...
29/mar./2023 05:02:19 INFO com.zaxxer.hikari.HikariDataSource [main] HikariPool-1 - Start completed.
29/mar./2023 05:02:19 INFO org.hibernate.dialect.Dialect [main] HHH000400: Using dialect: org.hibernate.dialect.MySQL8Dialect
29/mar./2023 05:02:19 INFO org.hibernate.engine.transaction.jta.platform.internal.JtaPlatformInitiator [main] HHH000490: Using JtaPlatform implementation: [org.hibernate.engine.transaction.jta.platform.internal.NoJtaPlatform]
29/mar./2023 05:02:19 INFO org.springframework.orm.jpa.AbstractEntityManagerFactoryBean [main] Initialized JPA EntityManagerFactory for persistence unit 'default'
29/mar./2023 05:02:20 WARN org.springframework.boot.autoconfigure.orm.jpa.JpaBaseConfiguration$JpaWebConfiguration [main] spring.jpa.open-in-view is enabled by default. Therefore, database queries may be performed during view rendering. Explicitly configure spring.jpa.open-in-view to disable this warning
29/mar./2023 05:02:20 INFO org.apache.juli.logging.DirectJDKLog [main] Starting ProtocolHandler ["http-nio-8080"]
29/mar./2023 05:02:20 INFO org.springframework.boot.web.embedded.tomcat.TomcatWebServer [main] Tomcat started on port(s): 8080 (http) with context path '/API/V1'
29/mar./2023 05:02:20 INFO org.springframework.boot.StartupInfoLogger [main] Started SeriesAppSpringbootApplication in 3.922 seconds (JVM running for 5.088)
29/mar./2023 05:02:35 INFO org.apache.juli.logging.DirectJDKLog [http-nio-8080-exec-2] Initializing Spring DispatcherServlet 'dispatcherServlet'
29/mar./2023 05:02:35 INFO org.springframework.web.servlet.FrameworkServlet [http-nio-8080-exec-2] Initializing Servlet 'dispatcherServlet'
29/mar./2023 05:02:35 INFO org.springframework.web.servlet.FrameworkServlet [http-nio-8080-exec-2] Completed initialization in 0 ms
29/mar./2023 05:04:51 INFO org.springframework.orm.jpa.AbstractEntityManagerFactoryBean [SpringApplicationShutdownHook] Closing JPA EntityManagerFactory for persistence unit 'default'
29/mar./2023 05:04:51 INFO com.zaxxer.hikari.HikariDataSource [SpringApplicationShutdownHook] HikariPool-1 - Shutdown initiated...
29/mar./2023 05:04:51 INFO com.zaxxer.hikari.HikariDataSource [SpringApplicationShutdownHook] HikariPool-1 - Shutdown completed.
29/mar./2023 05:04:58 INFO org.hibernate.validator.internal.util.Version [background-preinit] HV000001: Hibernate Validator 6.2.5.Final
29/mar./2023 05:04:58 INFO org.springframework.boot.StartupInfoLogger [main] Starting SeriesAppSpringbootApplication using Java 11.0.18 on NBOOT45 with PID 28664 (C:\Users\dagudo\Documents\AcademIT2\Integrador\Proyecto\Series_app_ETAPA2\series-app-springboot\target\classes started by dagudo in C:\Users\dagudo\Documents\AcademIT2\Integrador\Proyecto\Series_app_ETAPA2\series-app-springboot)
29/mar./2023 05:04:58 INFO org.springframework.boot.SpringApplication [main] No active profile set, falling back to 1 default profile: "default"
29/mar./2023 05:04:59 INFO org.springframework.data.repository.config.RepositoryConfigurationDelegate [main] Bootstrapping Spring Data JPA repositories in DEFAULT mode.
29/mar./2023 05:04:59 INFO org.springframework.data.repository.config.RepositoryConfigurationDelegate [main] Finished Spring Data repository scanning in 48 ms. Found 5 JPA repository interfaces.
29/mar./2023 05:04:59 INFO org.springframework.boot.web.embedded.tomcat.TomcatWebServer [main] Tomcat initialized with port(s): 8080 (http)
29/mar./2023 05:04:59 INFO org.apache.juli.logging.DirectJDKLog [main] Initializing ProtocolHandler ["http-nio-8080"]
29/mar./2023 05:04:59 INFO org.apache.juli.logging.DirectJDKLog [main] Starting service [Tomcat]
29/mar./2023 05:04:59 INFO org.apache.juli.logging.DirectJDKLog [main] Starting Servlet engine: [Apache Tomcat/9.0.71]
29/mar./2023 05:05:00 INFO org.apache.juli.logging.DirectJDKLog [main] Initializing Spring embedded WebApplicationContext
29/mar./2023 05:05:00 INFO org.springframework.boot.web.servlet.context.ServletWebServerApplicationContext [main] Root WebApplicationContext: initialization completed in 1364 ms
29/mar./2023 05:05:00 INFO org.hibernate.jpa.internal.util.LogHelper [main] HHH000204: Processing PersistenceUnitInfo [name: default]
29/mar./2023 05:05:00 INFO org.hibernate.Version [main] HHH000412: Hibernate ORM core version 5.6.15.Final
29/mar./2023 05:05:00 INFO org.hibernate.annotations.common.reflection.java.JavaReflectionManager [main] HCANN000001: Hibernate Commons Annotations {5.1.2.Final}
29/mar./2023 05:05:00 INFO com.zaxxer.hikari.HikariDataSource [main] HikariPool-1 - Starting...
29/mar./2023 05:05:00 INFO com.zaxxer.hikari.HikariDataSource [main] HikariPool-1 - Start completed.
29/mar./2023 05:05:00 INFO org.hibernate.dialect.Dialect [main] HHH000400: Using dialect: org.hibernate.dialect.MySQL8Dialect
29/mar./2023 05:05:01 INFO org.hibernate.engine.transaction.jta.platform.internal.JtaPlatformInitiator [main] HHH000490: Using JtaPlatform implementation: [org.hibernate.engine.transaction.jta.platform.internal.NoJtaPlatform]
29/mar./2023 05:05:01 INFO org.springframework.orm.jpa.AbstractEntityManagerFactoryBean [main] Initialized JPA EntityManagerFactory for persistence unit 'default'
29/mar./2023 05:05:02 WARN org.springframework.boot.autoconfigure.orm.jpa.JpaBaseConfiguration$JpaWebConfiguration [main] spring.jpa.open-in-view is enabled by default. Therefore, database queries may be performed during view rendering. Explicitly configure spring.jpa.open-in-view to disable this warning
29/mar./2023 05:05:02 INFO org.apache.juli.logging.DirectJDKLog [main] Starting ProtocolHandler ["http-nio-8080"]
29/mar./2023 05:05:02 INFO org.springframework.boot.web.embedded.tomcat.TomcatWebServer [main] Tomcat started on port(s): 8080 (http) with context path '/API/V1'
29/mar./2023 05:05:02 INFO org.springframework.boot.StartupInfoLogger [main] Started SeriesAppSpringbootApplication in 4.206 seconds (JVM running for 5.232)
29/mar./2023 05:05:39 INFO org.apache.juli.logging.DirectJDKLog [http-nio-8080-exec-2] Initializing Spring DispatcherServlet 'dispatcherServlet'
29/mar./2023 05:05:39 INFO org.springframework.web.servlet.FrameworkServlet [http-nio-8080-exec-2] Initializing Servlet 'dispatcherServlet'
29/mar./2023 05:05:39 INFO org.springframework.web.servlet.FrameworkServlet [http-nio-8080-exec-2] Completed initialization in 1 ms
29/mar./2023 05:06:51 INFO org.springframework.orm.jpa.AbstractEntityManagerFactoryBean [SpringApplicationShutdownHook] Closing JPA EntityManagerFactory for persistence unit 'default'
29/mar./2023 05:06:51 INFO com.zaxxer.hikari.HikariDataSource [SpringApplicationShutdownHook] HikariPool-1 - Shutdown initiated...
29/mar./2023 05:06:51 INFO com.zaxxer.hikari.HikariDataSource [SpringApplicationShutdownHook] HikariPool-1 - Shutdown completed.
29/mar./2023 05:09:02 INFO org.hibernate.validator.internal.util.Version [background-preinit] HV000001: Hibernate Validator 6.2.5.Final
29/mar./2023 05:09:02 INFO org.springframework.boot.StartupInfoLogger [main] Starting SeriesAppSpringbootApplication using Java 11.0.18 on NBOOT45 with PID 24780 (C:\Users\dagudo\Documents\AcademIT2\Integrador\Proyecto\Series_app_ETAPA2\series-app-springboot\target\classes started by dagudo in C:\Users\dagudo\Documents\AcademIT2\Integrador\Proyecto\Series_app_ETAPA2\series-app-springboot)
29/mar./2023 05:09:02 INFO org.springframework.boot.SpringApplication [main] No active profile set, falling back to 1 default profile: "default"
29/mar./2023 05:09:03 INFO org.springframework.data.repository.config.RepositoryConfigurationDelegate [main] Bootstrapping Spring Data JPA repositories in DEFAULT mode.
29/mar./2023 05:09:03 INFO org.springframework.data.repository.config.RepositoryConfigurationDelegate [main] Finished Spring Data repository scanning in 50 ms. Found 5 JPA repository interfaces.
29/mar./2023 05:09:03 INFO org.springframework.boot.web.embedded.tomcat.TomcatWebServer [main] Tomcat initialized with port(s): 8080 (http)
29/mar./2023 05:09:03 INFO org.apache.juli.logging.DirectJDKLog [main] Initializing ProtocolHandler ["http-nio-8080"]
29/mar./2023 05:09:03 INFO org.apache.juli.logging.DirectJDKLog [main] Starting service [Tomcat]
29/mar./2023 05:09:03 INFO org.apache.juli.logging.DirectJDKLog [main] Starting Servlet engine: [Apache Tomcat/9.0.71]
29/mar./2023 05:09:03 INFO org.apache.juli.logging.DirectJDKLog [main] Initializing Spring embedded WebApplicationContext
29/mar./2023 05:09:03 INFO org.springframework.boot.web.servlet.context.ServletWebServerApplicationContext [main] Root WebApplicationContext: initialization completed in 1216 ms
29/mar./2023 05:09:03 INFO org.hibernate.jpa.internal.util.LogHelper [main] HHH000204: Processing PersistenceUnitInfo [name: default]
29/mar./2023 05:09:03 INFO org.hibernate.Version [main] HHH000412: Hibernate ORM core version 5.6.15.Final
29/mar./2023 05:09:03 INFO org.hibernate.annotations.common.reflection.java.JavaReflectionManager [main] HCANN000001: Hibernate Commons Annotations {5.1.2.Final}
29/mar./2023 05:09:03 INFO com.zaxxer.hikari.HikariDataSource [main] HikariPool-1 - Starting...
29/mar./2023 05:09:03 INFO com.zaxxer.hikari.HikariDataSource [main] HikariPool-1 - Start completed.
29/mar./2023 05:09:04 INFO org.hibernate.dialect.Dialect [main] HHH000400: Using dialect: org.hibernate.dialect.MySQL8Dialect
29/mar./2023 05:09:04 INFO org.hibernate.engine.transaction.jta.platform.internal.JtaPlatformInitiator [main] HHH000490: Using JtaPlatform implementation: [org.hibernate.engine.transaction.jta.platform.internal.NoJtaPlatform]
29/mar./2023 05:09:04 INFO org.springframework.orm.jpa.AbstractEntityManagerFactoryBean [main] Initialized JPA EntityManagerFactory for persistence unit 'default'
29/mar./2023 05:09:04 WARN org.springframework.boot.autoconfigure.orm.jpa.JpaBaseConfiguration$JpaWebConfiguration [main] spring.jpa.open-in-view is enabled by default. Therefore, database queries may be performed during view rendering. Explicitly configure spring.jpa.open-in-view to disable this warning
29/mar./2023 05:09:05 INFO org.apache.juli.logging.DirectJDKLog [main] Starting ProtocolHandler ["http-nio-8080"]
29/mar./2023 05:09:05 INFO org.springframework.boot.web.embedded.tomcat.TomcatWebServer [main] Tomcat started on port(s): 8080 (http) with context path '/API/V1'
29/mar./2023 05:09:05 INFO org.springframework.boot.StartupInfoLogger [main] Started SeriesAppSpringbootApplication in 3.287 seconds (JVM running for 4.395)
29/mar./2023 05:09:19 INFO org.apache.juli.logging.DirectJDKLog [http-nio-8080-exec-1] Initializing Spring DispatcherServlet 'dispatcherServlet'
29/mar./2023 05:09:19 INFO org.springframework.web.servlet.FrameworkServlet [http-nio-8080-exec-1] Initializing Servlet 'dispatcherServlet'
29/mar./2023 05:09:19 INFO org.springframework.web.servlet.FrameworkServlet [http-nio-8080-exec-1] Completed initialization in 2 ms
29/mar./2023 05:11:42 INFO org.springframework.orm.jpa.AbstractEntityManagerFactoryBean [SpringApplicationShutdownHook] Closing JPA EntityManagerFactory for persistence unit 'default'
29/mar./2023 05:11:42 INFO com.zaxxer.hikari.HikariDataSource [SpringApplicationShutdownHook] HikariPool-1 - Shutdown initiated...
29/mar./2023 05:11:42 INFO com.zaxxer.hikari.HikariDataSource [SpringApplicationShutdownHook] HikariPool-1 - Shutdown completed.
29/mar./2023 05:11:48 INFO org.springframework.boot.StartupInfoLogger [main] Starting SeriesAppSpringbootApplication using Java 11.0.18 on NBOOT45 with PID 14748 (C:\Users\dagudo\Documents\AcademIT2\Integrador\Proyecto\Series_app_ETAPA2\series-app-springboot\target\classes started by dagudo in C:\Users\dagudo\Documents\AcademIT2\Integrador\Proyecto\Series_app_ETAPA2\series-app-springboot)
29/mar./2023 05:11:48 INFO org.hibernate.validator.internal.util.Version [background-preinit] HV000001: Hibernate Validator 6.2.5.Final
29/mar./2023 05:11:48 INFO org.springframework.boot.SpringApplication [main] No active profile set, falling back to 1 default profile: "default"
29/mar./2023 05:11:49 INFO org.springframework.data.repository.config.RepositoryConfigurationDelegate [main] Bootstrapping Spring Data JPA repositories in DEFAULT mode.
29/mar./2023 05:11:49 INFO org.springframework.data.repository.config.RepositoryConfigurationDelegate [main] Finished Spring Data repository scanning in 49 ms. Found 5 JPA repository interfaces.
29/mar./2023 05:11:49 INFO org.springframework.boot.web.embedded.tomcat.TomcatWebServer [main] Tomcat initialized with port(s): 8080 (http)
29/mar./2023 05:11:49 INFO org.apache.juli.logging.DirectJDKLog [main] Initializing ProtocolHandler ["http-nio-8080"]
29/mar./2023 05:11:49 INFO org.apache.juli.logging.DirectJDKLog [main] Starting service [Tomcat]
29/mar./2023 05:11:49 INFO org.apache.juli.logging.DirectJDKLog [main] Starting Servlet engine: [Apache Tomcat/9.0.71]
29/mar./2023 05:11:50 INFO org.apache.juli.logging.DirectJDKLog [main] Initializing Spring embedded WebApplicationContext
29/mar./2023 05:11:50 INFO org.springframework.boot.web.servlet.context.ServletWebServerApplicationContext [main] Root WebApplicationContext: initialization completed in 1273 ms
29/mar./2023 05:11:50 INFO org.hibernate.jpa.internal.util.LogHelper [main] HHH000204: Processing PersistenceUnitInfo [name: default]
29/mar./2023 05:11:50 INFO org.hibernate.Version [main] HHH000412: Hibernate ORM core version 5.6.15.Final
29/mar./2023 05:11:50 INFO org.hibernate.annotations.common.reflection.java.JavaReflectionManager [main] HCANN000001: Hibernate Commons Annotations {5.1.2.Final}
29/mar./2023 05:11:50 INFO com.zaxxer.hikari.HikariDataSource [main] HikariPool-1 - Starting...
29/mar./2023 05:11:50 INFO com.zaxxer.hikari.HikariDataSource [main] HikariPool-1 - Start completed.
29/mar./2023 05:11:50 INFO org.hibernate.dialect.Dialect [main] HHH000400: Using dialect: org.hibernate.dialect.MySQL8Dialect
29/mar./2023 05:11:51 INFO org.hibernate.engine.transaction.jta.platform.internal.JtaPlatformInitiator [main] HHH000490: Using JtaPlatform implementation: [org.hibernate.engine.transaction.jta.platform.internal.NoJtaPlatform]
29/mar./2023 05:11:51 INFO org.springframework.orm.jpa.AbstractEntityManagerFactoryBean [main] Initialized JPA EntityManagerFactory for persistence unit 'default'
29/mar./2023 05:11:51 WARN org.springframework.boot.autoconfigure.orm.jpa.JpaBaseConfiguration$JpaWebConfiguration [main] spring.jpa.open-in-view is enabled by default. Therefore, database queries may be performed during view rendering. Explicitly configure spring.jpa.open-in-view to disable this warning
29/mar./2023 05:11:51 INFO org.apache.juli.logging.DirectJDKLog [main] Starting ProtocolHandler ["http-nio-8080"]
29/mar./2023 05:11:51 INFO org.springframework.boot.web.embedded.tomcat.TomcatWebServer [main] Tomcat started on port(s): 8080 (http) with context path '/API/V1'
29/mar./2023 05:11:52 INFO org.springframework.boot.StartupInfoLogger [main] Started SeriesAppSpringbootApplication in 3.645 seconds (JVM running for 4.743)
29/mar./2023 05:12:14 INFO org.apache.juli.logging.DirectJDKLog [http-nio-8080-exec-1] Initializing Spring DispatcherServlet 'dispatcherServlet'
29/mar./2023 05:12:14 INFO org.springframework.web.servlet.FrameworkServlet [http-nio-8080-exec-1] Initializing Servlet 'dispatcherServlet'
29/mar./2023 05:12:14 INFO org.springframework.web.servlet.FrameworkServlet [http-nio-8080-exec-1] Completed initialization in 1 ms
29/mar./2023 05:12:57 INFO org.springframework.orm.jpa.AbstractEntityManagerFactoryBean [SpringApplicationShutdownHook] Closing JPA EntityManagerFactory for persistence unit 'default'
29/mar./2023 05:12:57 INFO com.zaxxer.hikari.HikariDataSource [SpringApplicationShutdownHook] HikariPool-1 - Shutdown initiated...
29/mar./2023 05:12:57 INFO com.zaxxer.hikari.HikariDataSource [SpringApplicationShutdownHook] HikariPool-1 - Shutdown completed.
